<?xml version="1.0" encoding="UTF-8"?>
<coverage generated="1612446598641" clover="3.2.0">
  <project timestamp="1612446598643" name="All files">
    <metrics statements="79" coveredstatements="22" conditionals="22" coveredconditionals="0" methods="34" coveredmethods="2" elements="135" coveredelements="24" complexity="0" loc="79" ncloc="79" packages="9" files="17" classes="17">
      <package name="src">
        <metrics statements="11" coveredstatements="4" conditionals="0" coveredconditionals="0" methods="2" coveredmethods="2"/>
        <file name="App.js" path="D:\altp\project\elite-bn-frontend\src\App.js">
          <metrics statements="1" coveredstatements="1" conditionals="0" coveredconditionals="0" methods="1" coveredmethods="1"/>
          <line num="6" count="6" type="stmt"/>
        </file>
        <file name="ExampleFile.js" path="D:\altp\project\elite-bn-frontend\src\ExampleFile.js">
          <metrics statements="3" coveredstatements="3" conditionals="0" coveredconditionals="0" methods="1" coveredmethods="1"/>
          <line num="6" count="2" type="stmt"/>
          <line num="19" count="2" type="stmt"/>
          <line num="20" count="2" type="stmt"/>
        </file>
        <file name="index.js" path="D:\altp\project\elite-bn-frontend\src\index.js">
          <metrics statements="7" coveredstatements="0" conditionals="0" coveredconditionals="0" methods="0" coveredmethods="0"/>
          <line num="1" count="0" type="stmt"/>
          <line num="2" count="0" type="stmt"/>
          <line num="3" count="0" type="stmt"/>
          <line num="4" count="0" type="stmt"/>
          <line num="5" count="0" type="stmt"/>
          <line num="6" count="0" type="stmt"/>
          <line num="8" count="0" type="stmt"/>
        </file>
      </package>
      <package name="src.Routes">
        <metrics statements="1" coveredstatements="0" conditionals="0" coveredconditionals="0" methods="1" coveredmethods="0"/>
        <file name="index.js" path="D:\altp\project\elite-bn-frontend\src\Routes\index.js">
          <metrics statements="1" coveredstatements="0" conditionals="0" coveredconditionals="0" methods="1" coveredmethods="0"/>
          <line num="7" count="0" type="stmt"/>
        </file>
      </package>
      <package name="src.components">
        <metrics statements="2" coveredstatements="1" conditionals="0" coveredconditionals="0" methods="1" coveredmethods="0"/>
        <file name="Home.js" path="D:\altp\project\elite-bn-frontend\src\components\Home.js">
          <metrics statements="2" coveredstatements="1" conditionals="0" coveredconditionals="0" methods="1" coveredmethods="0"/>
          <line num="4" count="3" type="stmt"/>
          <line num="5" count="0" type="stmt"/>
        </file>
      </package>
      <package name="src.components.Counter">
        <metrics statements="4" coveredstatements="2" conditionals="0" coveredconditionals="0" methods="2" coveredmethods="0"/>
        <file name="CounterControl.js" path="D:\altp\project\elite-bn-frontend\src\components\Counter\CounterControl.js">
          <metrics statements="2" coveredstatements="1" conditionals="0" coveredconditionals="0" methods="1" coveredmethods="0"/>
          <line num="3" count="3" type="stmt"/>
          <line num="4" count="0" type="stmt"/>
        </file>
        <file name="CounterOutput.js" path="D:\altp\project\elite-bn-frontend\src\components\Counter\CounterOutput.js">
          <metrics statements="2" coveredstatements="1" conditionals="0" coveredconditionals="0" methods="1" coveredmethods="0"/>
          <line num="3" count="3" type="stmt"/>
          <line num="4" count="0" type="stmt"/>
        </file>
      </package>
      <package name="src.constants">
        <metrics statements="6" coveredstatements="6" conditionals="0" coveredconditionals="0" methods="0" coveredmethods="0"/>
        <file name="actions.js" path="D:\altp\project\elite-bn-frontend\src\constants\actions.js">
          <metrics statements="6" coveredstatements="6" conditionals="0" coveredconditionals="0" methods="0" coveredmethods="0"/>
          <line num="1" count="3" type="stmt"/>
          <line num="2" count="3" type="stmt"/>
          <line num="3" count="3" type="stmt"/>
          <line num="4" count="3" type="stmt"/>
          <line num="5" count="3" type="stmt"/>
          <line num="6" count="3" type="stmt"/>
        </file>
      </package>
      <package name="src.containers.Counter">
        <metrics statements="13" coveredstatements="2" conditionals="0" coveredconditionals="0" methods="12" coveredmethods="0"/>
        <file name="Counter.js" path="D:\altp\project\elite-bn-frontend\src\containers\Counter\Counter.js">
          <metrics statements="13" coveredstatements="2" conditionals="0" coveredconditionals="0" methods="12" coveredmethods="0"/>
          <line num="15" count="0" type="stmt"/>
          <line num="16" count="0" type="stmt"/>
          <line num="27" count="0" type="stmt"/>
          <line num="33" count="0" type="stmt"/>
          <line num="36" count="0" type="stmt"/>
          <line num="46" count="3" type="stmt"/>
          <line num="51" count="3" type="stmt"/>
          <line num="52" count="0" type="stmt"/>
          <line num="53" count="0" type="stmt"/>
          <line num="54" count="0" type="stmt"/>
          <line num="55" count="0" type="stmt"/>
          <line num="56" count="0" type="stmt"/>
          <line num="57" count="0" type="stmt"/>
        </file>
      </package>
      <package name="src.store">
        <metrics statements="14" coveredstatements="0" conditionals="2" coveredconditionals="0" methods="4" coveredmethods="0"/>
        <file name="index.js" path="D:\altp\project\elite-bn-frontend\src\store\index.js">
          <metrics statements="11" coveredstatements="0" conditionals="2" coveredconditionals="0" methods="3" coveredmethods="0"/>
          <line num="1" count="0" type="stmt"/>
          <line num="4" count="0" type="stmt"/>
          <line num="5" count="0" type="stmt"/>
          <line num="6" count="0" type="stmt"/>
          <line num="7" count="0" type="stmt"/>
          <line num="9" count="0" type="stmt"/>
          <line num="13" count="0" type="stmt"/>
          <line num="14" count="0" type="stmt"/>
          <line num="15" count="0" type="stmt"/>
          <line num="18" count="0" type="cond" truecount="0" falsecount="2"/>
          <line num="20" count="0" type="stmt"/>
        </file>
        <file name="initialState.js" path="D:\altp\project\elite-bn-frontend\src\store\initialState.js">
          <metrics statements="2" coveredstatements="0" conditionals="0" coveredconditionals="0" methods="0" coveredmethods="0"/>
          <line num="1" count="0" type="stmt"/>
          <line num="5" count="0" type="stmt"/>
        </file>
        <file name="utility.js" path="D:\altp\project\elite-bn-frontend\src\store\utility.js">
          <metrics statements="1" coveredstatements="0" conditionals="0" coveredconditionals="0" methods="1" coveredmethods="0"/>
          <line num="1" count="0" type="stmt"/>
        </file>
      </package>
      <package name="src.store.actions">
        <metrics statements="9" coveredstatements="7" conditionals="0" coveredconditionals="0" methods="9" coveredmethods="0"/>
        <file name="counter.js" path="D:\altp\project\elite-bn-frontend\src\store\actions\counter.js">
          <metrics statements="4" coveredstatements="4" conditionals="0" coveredconditionals="0" methods="4" coveredmethods="0"/>
          <line num="5" count="3" type="stmt"/>
          <line num="9" count="3" type="stmt"/>
          <line num="13" count="3" type="stmt"/>
          <line num="18" count="3" type="stmt"/>
        </file>
        <file name="index.js" path="D:\altp\project\elite-bn-frontend\src\store\actions\index.js">
          <metrics statements="0" coveredstatements="0" conditionals="0" coveredconditionals="0" methods="0" coveredmethods="0"/>
        </file>
        <file name="result.js" path="D:\altp\project\elite-bn-frontend\src\store\actions\result.js">
          <metrics statements="5" coveredstatements="3" conditionals="0" coveredconditionals="0" methods="5" coveredmethods="0"/>
          <line num="3" count="3" type="stmt"/>
          <line num="8" count="3" type="stmt"/>
          <line num="9" count="0" type="stmt"/>
          <line num="10" count="0" type="stmt"/>
          <line num="14" count="3" type="stmt"/>
        </file>
      </package>
      <package name="src.store.reducers">
        <metrics statements="19" coveredstatements="0" conditionals="20" coveredconditionals="0" methods="3" coveredmethods="0"/>
        <file name="counter.js" path="D:\altp\project\elite-bn-frontend\src\store\reducers\counter.js">
          <metrics statements="10" coveredstatements="0" conditionals="11" coveredconditionals="0" methods="1" coveredmethods="0"/>
          <line num="1" count="0" type="stmt"/>
          <line num="4" count="0" type="stmt"/>
          <line num="5" count="0" type="stmt"/>
          <line num="7" count="0" type="cond" truecount="0" falsecount="6"/>
          <line num="8" count="0" type="stmt"/>
          <line num="10" count="0" type="stmt"/>
          <line num="12" count="0" type="stmt"/>
          <line num="14" count="0" type="stmt"/>
          <line num="16" count="0" type="stmt"/>
          <line num="18" count="0" type="stmt"/>
        </file>
        <file name="result.js" path="D:\altp\project\elite-bn-frontend\src\store\reducers\result.js">
          <metrics statements="9" coveredstatements="0" conditionals="9" coveredconditionals="0" methods="2" coveredmethods="0"/>
          <line num="1" count="0" type="stmt"/>
          <line num="2" count="0" type="stmt"/>
          <line num="3" count="0" type="stmt"/>
          <line num="5" count="0" type="cond" truecount="0" falsecount="6"/>
          <line num="6" count="0" type="stmt"/>
          <line num="8" count="0" type="stmt"/>
          <line num="15" count="0" type="stmt"/>
          <line num="18" count="0" type="stmt"/>
          <line num="23" count="0" type="stmt"/>
        </file>
      </package>
    </metrics>
  </project>
</coverage>
