{"D:\\altp\\project\\elite-bn-frontend\\src\\App.js": {"path":"D:\\altp\\project\\elite-bn-frontend\\src\\App.js","statementMap":{"0":{"start":{"line":6,"column":2},"end":{"line":12,"column":4}}},"fnMap":{"0":{"name":"App","decl":{"start":{"line":5,"column":9},"end":{"line":5,"column":12}},"loc":{"start":{"line":5,"column":15},"end":{"line":13,"column":1}},"line":5}},"branchMap":{},"s":{"0":6},"f":{"0":6},"b":{},"_coverageSchema":"332fd63041d2c1bcb487cc26dd0d5f7d97098a6c","hash":"885eb32422fdfa6ddf0a05d3254c0a2fb8860d37"}
,"D:\\altp\\project\\elite-bn-frontend\\src\\ExampleFile.js": {"path":"D:\\altp\\project\\elite-bn-frontend\\src\\ExampleFile.js","statementMap":{"0":{"start":{"line":6,"column":15},"end":{"line":17,"column":1}},"1":{"start":{"line":19,"column":23},"end":{"line":28,"column":1}},"2":{"start":{"line":20,"column":2},"end":{"line":27,"column":4}}},"fnMap":{"0":{"name":"(anonymous_0)","decl":{"start":{"line":19,"column":23},"end":{"line":19,"column":24}},"loc":{"start":{"line":19,"column":40},"end":{"line":28,"column":1}},"line":19}},"branchMap":{},"s":{"0":2,"1":2,"2":2},"f":{"0":2},"b":{},"_coverageSchema":"332fd63041d2c1bcb487cc26dd0d5f7d97098a6c","hash":"14048d71cf8c43357652023d7ef061972ef9c012"}
,"D:\\altp\\project\\elite-bn-frontend\\src\\index.js": {"path":"D:\\altp\\project\\elite-bn-frontend\\src\\index.js","statementMap":{"0":{"start":{"line":1,"column":0},"end":{"line":null,"column":-1}},"1":{"start":{"line":2,"column":0},"end":{"line":null,"column":-1}},"2":{"start":{"line":3,"column":0},"end":{"line":null,"column":-1}},"3":{"start":{"line":4,"column":0},"end":{"line":null,"column":-1}},"4":{"start":{"line":5,"column":0},"end":{"line":null,"column":-1}},"5":{"start":{"line":6,"column":0},"end":{"line":null,"column":-1}},"6":{"start":{"line":8,"column":0},"end":{"line":null,"column":-1}}},"fnMap":{},"branchMap":{},"s":{"0":0,"1":0,"2":0,"3":0,"4":0,"5":0,"6":0},"f":{},"b":{}}
,"D:\\altp\\project\\elite-bn-frontend\\src\\Routes\\index.js": {"path":"D:\\altp\\project\\elite-bn-frontend\\src\\Routes\\index.js","statementMap":{"0":{"start":{"line":7,"column":2},"end":{"line":12,"column":4}}},"fnMap":{"0":{"name":"index","decl":{"start":{"line":6,"column":9},"end":{"line":6,"column":14}},"loc":{"start":{"line":6,"column":17},"end":{"line":13,"column":1}},"line":6}},"branchMap":{},"s":{"0":0},"f":{"0":0},"b":{},"_coverageSchema":"332fd63041d2c1bcb487cc26dd0d5f7d97098a6c","hash":"5d1ec4b8596332d376a341f7e3a9ca83a3d803f6"}
,"D:\\altp\\project\\elite-bn-frontend\\src\\components\\Home.js": {"path":"D:\\altp\\project\\elite-bn-frontend\\src\\components\\Home.js","statementMap":{"0":{"start":{"line":4,"column":14},"end":{"line":16,"column":1}},"1":{"start":{"line":5,"column":2},"end":{"line":15,"column":8}}},"fnMap":{"0":{"name":"(anonymous_0)","decl":{"start":{"line":4,"column":14},"end":{"line":4,"column":15}},"loc":{"start":{"line":5,"column":2},"end":{"line":15,"column":8}},"line":5}},"branchMap":{},"s":{"0":3,"1":0},"f":{"0":0},"b":{},"_coverageSchema":"332fd63041d2c1bcb487cc26dd0d5f7d97098a6c","hash":"e3285fd0fbd290f60c92596205ca884184593b3e"}
,"D:\\altp\\project\\elite-bn-frontend\\src\\components\\Counter\\CounterControl.js": {"path":"D:\\altp\\project\\elite-bn-frontend\\src\\components\\Counter\\CounterControl.js","statementMap":{"0":{"start":{"line":3,"column":23},"end":{"line":11,"column":1}},"1":{"start":{"line":4,"column":2},"end":{"line":10,"column":8}}},"fnMap":{"0":{"name":"(anonymous_0)","decl":{"start":{"line":3,"column":23},"end":{"line":3,"column":24}},"loc":{"start":{"line":4,"column":2},"end":{"line":10,"column":8}},"line":4}},"branchMap":{},"s":{"0":3,"1":0},"f":{"0":0},"b":{},"_coverageSchema":"332fd63041d2c1bcb487cc26dd0d5f7d97098a6c","hash":"92987bfeacbad069909fa150786fd515e704eb59"}
,"D:\\altp\\project\\elite-bn-frontend\\src\\components\\Counter\\CounterOutput.js": {"path":"D:\\altp\\project\\elite-bn-frontend\\src\\components\\Counter\\CounterOutput.js","statementMap":{"0":{"start":{"line":3,"column":22},"end":{"line":9,"column":1}},"1":{"start":{"line":4,"column":2},"end":{"line":8,"column":8}}},"fnMap":{"0":{"name":"(anonymous_0)","decl":{"start":{"line":3,"column":22},"end":{"line":3,"column":23}},"loc":{"start":{"line":4,"column":2},"end":{"line":8,"column":8}},"line":4}},"branchMap":{},"s":{"0":3,"1":0},"f":{"0":0},"b":{},"_coverageSchema":"332fd63041d2c1bcb487cc26dd0d5f7d97098a6c","hash":"05d12913c1fa978e504adbbb2007cdae5ea22b36"}
,"D:\\altp\\project\\elite-bn-frontend\\src\\constants\\actions.js": {"path":"D:\\altp\\project\\elite-bn-frontend\\src\\constants\\actions.js","statementMap":{"0":{"start":{"line":1,"column":25},"end":{"line":1,"column":36}},"1":{"start":{"line":2,"column":25},"end":{"line":2,"column":36}},"2":{"start":{"line":3,"column":19},"end":{"line":3,"column":24}},"3":{"start":{"line":4,"column":24},"end":{"line":4,"column":34}},"4":{"start":{"line":5,"column":28},"end":{"line":5,"column":42}},"5":{"start":{"line":6,"column":29},"end":{"line":6,"column":44}}},"fnMap":{},"branchMap":{},"s":{"0":3,"1":3,"2":3,"3":3,"4":3,"5":3},"f":{},"b":{},"_coverageSchema":"332fd63041d2c1bcb487cc26dd0d5f7d97098a6c","hash":"bb8aedf460975dd61bcde4565aa9e8b3365044b4"}
,"D:\\altp\\project\\elite-bn-frontend\\src\\containers\\Counter\\Counter.js": {"path":"D:\\altp\\project\\elite-bn-frontend\\src\\containers\\Counter\\Counter.js","statementMap":{"0":{"start":{"line":15,"column":6},"end":{"line":15,"column":11}},"1":{"start":{"line":16,"column":2},"end":{"line":43,"column":4}},"2":{"start":{"line":27,"column":23},"end":{"line":27,"column":42}},"3":{"start":{"line":33,"column":10},"end":{"line":39,"column":15}},"4":{"start":{"line":36,"column":27},"end":{"line":36,"column":55}},"5":{"start":{"line":46,"column":24},"end":{"line":49,"column":2}},"6":{"start":{"line":46,"column":36},"end":{"line":49,"column":1}},"7":{"start":{"line":51,"column":27},"end":{"line":58,"column":2}},"8":{"start":{"line":51,"column":42},"end":{"line":58,"column":1}},"9":{"start":{"line":52,"column":28},"end":{"line":52,"column":49}},"10":{"start":{"line":53,"column":28},"end":{"line":53,"column":49}},"11":{"start":{"line":54,"column":22},"end":{"line":54,"column":38}},"12":{"start":{"line":55,"column":27},"end":{"line":55,"column":48}},"13":{"start":{"line":56,"column":29},"end":{"line":56,"column":58}},"14":{"start":{"line":57,"column":26},"end":{"line":57,"column":52}}},"fnMap":{"0":{"name":"Counter","decl":{"start":{"line":10,"column":9},"end":{"line":10,"column":16}},"loc":{"start":{"line":10,"column":24},"end":{"line":44,"column":1}},"line":10},"1":{"name":"(anonymous_1)","decl":{"start":{"line":27,"column":17},"end":{"line":27,"column":18}},"loc":{"start":{"line":27,"column":23},"end":{"line":27,"column":42}},"line":27},"2":{"name":"(anonymous_2)","decl":{"start":{"line":32,"column":27},"end":{"line":32,"column":28}},"loc":{"start":{"line":33,"column":10},"end":{"line":39,"column":15}},"line":33},"3":{"name":"(anonymous_3)","decl":{"start":{"line":36,"column":21},"end":{"line":36,"column":22}},"loc":{"start":{"line":36,"column":27},"end":{"line":36,"column":55}},"line":36},"4":{"name":"(anonymous_4)","decl":{"start":{"line":46,"column":24},"end":{"line":46,"column":25}},"loc":{"start":{"line":46,"column":36},"end":{"line":49,"column":1}},"line":46},"5":{"name":"(anonymous_5)","decl":{"start":{"line":51,"column":27},"end":{"line":51,"column":28}},"loc":{"start":{"line":51,"column":42},"end":{"line":58,"column":1}},"line":51},"6":{"name":"(anonymous_6)","decl":{"start":{"line":52,"column":22},"end":{"line":52,"column":23}},"loc":{"start":{"line":52,"column":28},"end":{"line":52,"column":49}},"line":52},"7":{"name":"(anonymous_7)","decl":{"start":{"line":53,"column":22},"end":{"line":53,"column":23}},"loc":{"start":{"line":53,"column":28},"end":{"line":53,"column":49}},"line":53},"8":{"name":"(anonymous_8)","decl":{"start":{"line":54,"column":16},"end":{"line":54,"column":17}},"loc":{"start":{"line":54,"column":22},"end":{"line":54,"column":38}},"line":54},"9":{"name":"(anonymous_9)","decl":{"start":{"line":55,"column":21},"end":{"line":55,"column":22}},"loc":{"start":{"line":55,"column":27},"end":{"line":55,"column":48}},"line":55},"10":{"name":"(anonymous_10)","decl":{"start":{"line":56,"column":17},"end":{"line":56,"column":18}},"loc":{"start":{"line":56,"column":29},"end":{"line":56,"column":58}},"line":56},"11":{"name":"(anonymous_11)","decl":{"start":{"line":57,"column":18},"end":{"line":57,"column":19}},"loc":{"start":{"line":57,"column":26},"end":{"line":57,"column":52}},"line":57}},"branchMap":{},"s":{"0":0,"1":0,"2":0,"3":0,"4":0,"5":3,"6":0,"7":3,"8":0,"9":0,"10":0,"11":0,"12":0,"13":0,"14":0},"f":{"0":0,"1":0,"2":0,"3":0,"4":0,"5":0,"6":0,"7":0,"8":0,"9":0,"10":0,"11":0},"b":{},"_coverageSchema":"332fd63041d2c1bcb487cc26dd0d5f7d97098a6c","hash":"b40bb25c8d56e92fbd050a41de2be87df96b306e"}
,"D:\\altp\\project\\elite-bn-frontend\\src\\store\\index.js": {"path":"D:\\altp\\project\\elite-bn-frontend\\src\\store\\index.js","statementMap":{"0":{"start":{"line":1,"column":0},"end":{"line":null,"column":-1}},"1":{"start":{"line":4,"column":0},"end":{"line":null,"column":-1}},"2":{"start":{"line":5,"column":0},"end":{"line":null,"column":-1}},"3":{"start":{"line":6,"column":0},"end":{"line":null,"column":-1}},"4":{"start":{"line":7,"column":0},"end":{"line":null,"column":-1}},"5":{"start":{"line":9,"column":20},"end":{"line":9,"column":0}},"6":{"start":{"line":13,"column":15},"end":{"line":13,"column":0}},"7":{"start":{"line":13,"column":15},"end":{"line":null,"column":-1}},"8":{"start":{"line":13,"column":21},"end":{"line":null,"column":-1}},"9":{"start":{"line":14,"column":17},"end":{"line":14,"column":2}},"10":{"start":{"line":15,"column":2},"end":{"line":null,"column":-1}},"11":{"start":{"line":18,"column":25},"end":{"line":18,"column":0}},"12":{"start":{"line":20,"column":14},"end":{"line":20,"column":0}}},"fnMap":{"0":{"name":"logger","decl":{"start":{"line":13,"column":6},"end":{"line":13,"column":15}},"loc":{"start":{"line":13,"column":15},"end":{"line":13,"column":0}}},"1":{"name":"(anonymous_1)","decl":{"start":{"line":13,"column":21},"end":{"line":13,"column":21}},"loc":{"start":{"line":13,"column":21},"end":{"line":13,"column":15}}},"2":{"name":"(anonymous_2)","decl":{"start":{"line":13,"column":31},"end":{"line":13,"column":31}},"loc":{"start":{"line":13,"column":43},"end":{"line":13,"column":21}}}},"branchMap":{"0":{"loc":{"start":{"line":18,"column":25},"end":{"line":18,"column":47}},"type":"binary-expr","locations":[{"start":{"line":18,"column":25},"end":{"line":18,"column":47}},{"start":{"line":18,"column":48},"end":{"line":18,"column":0}}]}},"s":{"0":0,"1":0,"2":0,"3":0,"4":0,"5":0,"6":0,"7":0,"8":0,"9":0,"10":0,"11":0,"12":0},"f":{"0":0,"1":0,"2":0},"b":{"0":[0,0]}}
,"D:\\altp\\project\\elite-bn-frontend\\src\\store\\initialState.js": {"path":"D:\\altp\\project\\elite-bn-frontend\\src\\store\\initialState.js","statementMap":{"0":{"start":{"line":1,"column":35},"end":{"line":1,"column":7}},"1":{"start":{"line":5,"column":34},"end":{"line":5,"column":7}}},"fnMap":{},"branchMap":{},"s":{"0":0,"1":0},"f":{},"b":{}}
,"D:\\altp\\project\\elite-bn-frontend\\src\\store\\utility.js": {"path":"D:\\altp\\project\\elite-bn-frontend\\src\\store\\utility.js","statementMap":{"0":{"start":{"line":1,"column":21},"end":{"line":1,"column":0}},"1":{"start":{"line":1,"column":21},"end":{"line":null,"column":-1}}},"fnMap":{"0":{"name":"updateObject","decl":{"start":{"line":1,"column":6},"end":{"line":1,"column":21}},"loc":{"start":{"line":1,"column":21},"end":{"line":1,"column":0}}}},"branchMap":{},"s":{"0":0,"1":0},"f":{"0":0},"b":{}}
,"D:\\altp\\project\\elite-bn-frontend\\src\\store\\actions\\counter.js": {"path":"D:\\altp\\project\\elite-bn-frontend\\src\\store\\actions\\counter.js","statementMap":{"0":{"start":{"line":5,"column":25},"end":{"line":7,"column":2}},"1":{"start":{"line":5,"column":32},"end":{"line":7,"column":1}},"2":{"start":{"line":9,"column":25},"end":{"line":11,"column":2}},"3":{"start":{"line":9,"column":32},"end":{"line":11,"column":1}},"4":{"start":{"line":13,"column":19},"end":{"line":16,"column":2}},"5":{"start":{"line":13,"column":31},"end":{"line":16,"column":1}},"6":{"start":{"line":18,"column":24},"end":{"line":21,"column":2}},"7":{"start":{"line":18,"column":36},"end":{"line":21,"column":1}}},"fnMap":{"0":{"name":"(anonymous_0)","decl":{"start":{"line":5,"column":25},"end":{"line":5,"column":26}},"loc":{"start":{"line":5,"column":32},"end":{"line":7,"column":1}},"line":5},"1":{"name":"(anonymous_1)","decl":{"start":{"line":9,"column":25},"end":{"line":9,"column":26}},"loc":{"start":{"line":9,"column":32},"end":{"line":11,"column":1}},"line":9},"2":{"name":"(anonymous_2)","decl":{"start":{"line":13,"column":19},"end":{"line":13,"column":20}},"loc":{"start":{"line":13,"column":31},"end":{"line":16,"column":1}},"line":13},"3":{"name":"(anonymous_3)","decl":{"start":{"line":18,"column":24},"end":{"line":18,"column":25}},"loc":{"start":{"line":18,"column":36},"end":{"line":21,"column":1}},"line":18}},"branchMap":{},"s":{"0":3,"1":0,"2":3,"3":0,"4":3,"5":0,"6":3,"7":0},"f":{"0":0,"1":0,"2":0,"3":0},"b":{},"_coverageSchema":"332fd63041d2c1bcb487cc26dd0d5f7d97098a6c","hash":"d1d42b3102db1a58d701f5651a9f4c40e5e96518"}
,"D:\\altp\\project\\elite-bn-frontend\\src\\store\\actions\\index.js": {"path":"D:\\altp\\project\\elite-bn-frontend\\src\\store\\actions\\index.js","statementMap":{},"fnMap":{},"branchMap":{},"s":{},"f":{},"b":{},"_coverageSchema":"332fd63041d2c1bcb487cc26dd0d5f7d97098a6c","hash":"a2f1f58d0b11701ac3af3a5ce155935e223b8a56"}
,"D:\\altp\\project\\elite-bn-frontend\\src\\store\\actions\\result.js": {"path":"D:\\altp\\project\\elite-bn-frontend\\src\\store\\actions\\result.js","statementMap":{"0":{"start":{"line":3,"column":26},"end":{"line":6,"column":2}},"1":{"start":{"line":3,"column":36},"end":{"line":6,"column":1}},"2":{"start":{"line":8,"column":27},"end":{"line":12,"column":1}},"3":{"start":{"line":8,"column":36},"end":{"line":12,"column":1}},"4":{"start":{"line":9,"column":2},"end":{"line":11,"column":5}},"5":{"start":{"line":10,"column":4},"end":{"line":10,"column":30}},"6":{"start":{"line":14,"column":28},"end":{"line":17,"column":2}},"7":{"start":{"line":14,"column":50},"end":{"line":17,"column":1}}},"fnMap":{"0":{"name":"(anonymous_0)","decl":{"start":{"line":3,"column":26},"end":{"line":3,"column":27}},"loc":{"start":{"line":3,"column":36},"end":{"line":6,"column":1}},"line":3},"1":{"name":"(anonymous_1)","decl":{"start":{"line":8,"column":27},"end":{"line":8,"column":28}},"loc":{"start":{"line":8,"column":36},"end":{"line":12,"column":1}},"line":8},"2":{"name":"(anonymous_2)","decl":{"start":{"line":8,"column":36},"end":{"line":8,"column":37}},"loc":{"start":{"line":8,"column":50},"end":{"line":12,"column":1}},"line":8},"3":{"name":"(anonymous_3)","decl":{"start":{"line":9,"column":13},"end":{"line":9,"column":14}},"loc":{"start":{"line":9,"column":19},"end":{"line":11,"column":3}},"line":9},"4":{"name":"(anonymous_4)","decl":{"start":{"line":14,"column":28},"end":{"line":14,"column":29}},"loc":{"start":{"line":14,"column":50},"end":{"line":17,"column":1}},"line":14}},"branchMap":{},"s":{"0":3,"1":0,"2":3,"3":0,"4":0,"5":0,"6":3,"7":0},"f":{"0":0,"1":0,"2":0,"3":0,"4":0},"b":{},"_coverageSchema":"332fd63041d2c1bcb487cc26dd0d5f7d97098a6c","hash":"79a64e933cc50f96673cb148f3850f8394b4ab2b"}
,"D:\\altp\\project\\elite-bn-frontend\\src\\store\\reducers\\counter.js": {"path":"D:\\altp\\project\\elite-bn-frontend\\src\\store\\reducers\\counter.js","statementMap":{"0":{"start":{"line":1,"column":0},"end":{"line":null,"column":-1}},"1":{"start":{"line":4,"column":0},"end":{"line":null,"column":-1}},"2":{"start":{"line":5,"column":0},"end":{"line":null,"column":-1}},"3":{"start":{"line":7,"column":16},"end":{"line":7,"column":0}},"4":{"start":{"line":7,"column":57},"end":{"line":7,"column":56}},"5":{"start":{"line":7,"column":57},"end":{"line":null,"column":-1}},"6":{"start":{"line":8,"column":2},"end":{"line":null,"column":-1}},"7":{"start":{"line":10,"column":6},"end":{"line":null,"column":-1}},"8":{"start":{"line":12,"column":6},"end":{"line":null,"column":-1}},"9":{"start":{"line":14,"column":6},"end":{"line":null,"column":-1}},"10":{"start":{"line":16,"column":6},"end":{"line":null,"column":-1}},"11":{"start":{"line":18,"column":6},"end":{"line":null,"column":-1}}},"fnMap":{"0":{"name":"reducer","decl":{"start":{"line":7,"column":6},"end":{"line":7,"column":16}},"loc":{"start":{"line":7,"column":57},"end":{"line":7,"column":0}}}},"branchMap":{"0":{"loc":{"start":{"line":7,"column":57},"end":{"line":7,"column":24}},"type":"cond-expr","locations":[{"start":{"line":7,"column":57},"end":{"line":7,"column":24}},{"start":{"line":7,"column":25},"end":{"line":7,"column":57}}]},"1":{"loc":{"start":{"line":7,"column":57},"end":{"line":7,"column":24}},"type":"binary-expr","locations":[{"start":{"line":7,"column":57},"end":{"line":7,"column":24}},{"start":{"line":7,"column":57},"end":{"line":7,"column":24}}]},"2":{"loc":{"start":{"line":7,"column":57},"end":{"line":null,"column":-1}},"type":"cond-expr","locations":[{"start":{"line":7,"column":57},"end":{"line":null,"column":-1}},{"start":{"line":7,"column":57},"end":{"line":null,"column":-1}}]},"3":{"loc":{"start":{"line":9,"column":4},"end":{"line":10,"column":6}},"type":"switch","locations":[{"start":{"line":9,"column":4},"end":{"line":10,"column":6}},{"start":{"line":11,"column":4},"end":{"line":12,"column":6}},{"start":{"line":13,"column":4},"end":{"line":14,"column":6}},{"start":{"line":15,"column":4},"end":{"line":16,"column":6}},{"start":{"line":17,"column":4},"end":{"line":18,"column":6}}]}},"s":{"0":0,"1":0,"2":0,"3":0,"4":0,"5":0,"6":0,"7":0,"8":0,"9":0,"10":0,"11":0},"f":{"0":0},"b":{"0":[0,0],"1":[0,0],"2":[0,0],"3":[0,0,0,0,0]}}
,"D:\\altp\\project\\elite-bn-frontend\\src\\store\\reducers\\result.js": {"path":"D:\\altp\\project\\elite-bn-frontend\\src\\store\\reducers\\result.js","statementMap":{"0":{"start":{"line":1,"column":0},"end":{"line":null,"column":-1}},"1":{"start":{"line":2,"column":0},"end":{"line":null,"column":-1}},"2":{"start":{"line":3,"column":0},"end":{"line":null,"column":-1}},"3":{"start":{"line":5,"column":16},"end":{"line":5,"column":0}},"4":{"start":{"line":5,"column":56},"end":{"line":5,"column":55}},"5":{"start":{"line":5,"column":56},"end":{"line":null,"column":-1}},"6":{"start":{"line":6,"column":2},"end":{"line":null,"column":-1}},"7":{"start":{"line":8,"column":6},"end":{"line":null,"column":-1}},"8":{"start":{"line":15,"column":6},"end":{"line":null,"column":-1}},"9":{"start":{"line":18,"column":40},"end":{"line":null,"column":-1}},"10":{"start":{"line":23,"column":6},"end":{"line":null,"column":-1}}},"fnMap":{"0":{"name":"reducer","decl":{"start":{"line":5,"column":6},"end":{"line":5,"column":16}},"loc":{"start":{"line":5,"column":56},"end":{"line":5,"column":0}}},"1":{"name":"(anonymous_1)","decl":{"start":{"line":18,"column":40},"end":{"line":18,"column":40}},"loc":{"start":{"line":18,"column":40},"end":{"line":18,"column":19}}}},"branchMap":{"0":{"loc":{"start":{"line":5,"column":56},"end":{"line":5,"column":24}},"type":"cond-expr","locations":[{"start":{"line":5,"column":56},"end":{"line":5,"column":24}},{"start":{"line":5,"column":25},"end":{"line":5,"column":56}}]},"1":{"loc":{"start":{"line":5,"column":56},"end":{"line":5,"column":24}},"type":"binary-expr","locations":[{"start":{"line":5,"column":56},"end":{"line":5,"column":24}},{"start":{"line":5,"column":56},"end":{"line":5,"column":24}}]},"2":{"loc":{"start":{"line":5,"column":56},"end":{"line":null,"column":-1}},"type":"cond-expr","locations":[{"start":{"line":5,"column":56},"end":{"line":null,"column":-1}},{"start":{"line":5,"column":56},"end":{"line":null,"column":-1}}]},"3":{"loc":{"start":{"line":7,"column":4},"end":{"line":8,"column":6}},"type":"switch","locations":[{"start":{"line":7,"column":4},"end":{"line":8,"column":6}},{"start":{"line":14,"column":4},"end":{"line":15,"column":6}},{"start":{"line":21,"column":4},"end":{"line":23,"column":6}}]}},"s":{"0":0,"1":0,"2":0,"3":0,"4":0,"5":0,"6":0,"7":0,"8":0,"9":0,"10":0},"f":{"0":0,"1":0},"b":{"0":[0,0],"1":[0,0],"2":[0,0],"3":[0,0,0]}}
}
