TN:
SF:D:\altp\project\elite-bn-frontend\src\App.js
FN:5,App
FNF:1
FNH:1
FNDA:6,App
DA:6,6
LF:1
LH:1
BRF:0
BRH:0
end_of_record
TN:
SF:D:\altp\project\elite-bn-frontend\src\ExampleFile.js
FN:19,(anonymous_0)
FNF:1
FNH:1
FNDA:2,(anonymous_0)
DA:6,2
DA:19,2
DA:20,2
LF:3
LH:3
BRF:0
BRH:0
end_of_record
TN:
SF:D:\altp\project\elite-bn-frontend\src\index.js
FNF:0
FNH:0
DA:1,0
DA:2,0
DA:3,0
DA:4,0
DA:5,0
DA:6,0
DA:8,0
LF:7
LH:0
BRF:0
BRH:0
end_of_record
TN:
SF:D:\altp\project\elite-bn-frontend\src\Routes\index.js
FN:6,index
FNF:1
FNH:0
FNDA:0,index
DA:7,0
LF:1
LH:0
BRF:0
BRH:0
end_of_record
TN:
SF:D:\altp\project\elite-bn-frontend\src\components\Home.js
FN:4,(anonymous_0)
FNF:1
FNH:0
FNDA:0,(anonymous_0)
DA:4,3
DA:5,0
LF:2
LH:1
BRF:0
BRH:0
end_of_record
TN:
SF:D:\altp\project\elite-bn-frontend\src\components\Counter\CounterControl.js
FN:3,(anonymous_0)
FNF:1
FNH:0
FNDA:0,(anonymous_0)
DA:3,3
DA:4,0
LF:2
LH:1
BRF:0
BRH:0
end_of_record
TN:
SF:D:\altp\project\elite-bn-frontend\src\components\Counter\CounterOutput.js
FN:3,(anonymous_0)
FNF:1
FNH:0
FNDA:0,(anonymous_0)
DA:3,3
DA:4,0
LF:2
LH:1
BRF:0
BRH:0
end_of_record
TN:
SF:D:\altp\project\elite-bn-frontend\src\constants\actions.js
FNF:0
FNH:0
DA:1,3
DA:2,3
DA:3,3
DA:4,3
DA:5,3
DA:6,3
LF:6
LH:6
BRF:0
BRH:0
end_of_record
TN:
SF:D:\altp\project\elite-bn-frontend\src\containers\Counter\Counter.js
FN:10,Counter
FN:27,(anonymous_1)
FN:32,(anonymous_2)
FN:36,(anonymous_3)
FN:46,(anonymous_4)
FN:51,(anonymous_5)
FN:52,(anonymous_6)
FN:53,(anonymous_7)
FN:54,(anonymous_8)
FN:55,(anonymous_9)
FN:56,(anonymous_10)
FN:57,(anonymous_11)
FNF:12
FNH:0
FNDA:0,Counter
FNDA:0,(anonymous_1)
FNDA:0,(anonymous_2)
FNDA:0,(anonymous_3)
FNDA:0,(anonymous_4)
FNDA:0,(anonymous_5)
FNDA:0,(anonymous_6)
FNDA:0,(anonymous_7)
FNDA:0,(anonymous_8)
FNDA:0,(anonymous_9)
FNDA:0,(anonymous_10)
FNDA:0,(anonymous_11)
DA:15,0
DA:16,0
DA:27,0
DA:33,0
DA:36,0
DA:46,3
DA:51,3
DA:52,0
DA:53,0
DA:54,0
DA:55,0
DA:56,0
DA:57,0
LF:13
LH:2
BRF:0
BRH:0
end_of_record
TN:
SF:D:\altp\project\elite-bn-frontend\src\store\index.js
FN:13,logger
FN:13,(anonymous_1)
FN:13,(anonymous_2)
FNF:3
FNH:0
FNDA:0,logger
FNDA:0,(anonymous_1)
FNDA:0,(anonymous_2)
DA:1,0
DA:4,0
DA:5,0
DA:6,0
DA:7,0
DA:9,0
DA:13,0
DA:14,0
DA:15,0
DA:18,0
DA:20,0
LF:11
LH:0
BRDA:18,0,0,0
BRDA:18,0,1,0
BRF:2
BRH:0
end_of_record
TN:
SF:D:\altp\project\elite-bn-frontend\src\store\initialState.js
FNF:0
FNH:0
DA:1,0
DA:5,0
LF:2
LH:0
BRF:0
BRH:0
end_of_record
TN:
SF:D:\altp\project\elite-bn-frontend\src\store\utility.js
FN:1,updateObject
FNF:1
FNH:0
FNDA:0,updateObject
DA:1,0
LF:1
LH:0
BRF:0
BRH:0
end_of_record
TN:
SF:D:\altp\project\elite-bn-frontend\src\store\actions\counter.js
FN:5,(anonymous_0)
FN:9,(anonymous_1)
FN:13,(anonymous_2)
FN:18,(anonymous_3)
FNF:4
FNH:0
FNDA:0,(anonymous_0)
FNDA:0,(anonymous_1)
FNDA:0,(anonymous_2)
FNDA:0,(anonymous_3)
DA:5,3
DA:9,3
DA:13,3
DA:18,3
LF:4
LH:4
BRF:0
BRH:0
end_of_record
TN:
SF:D:\altp\project\elite-bn-frontend\src\store\actions\index.js
FNF:0
FNH:0
LF:0
LH:0
BRF:0
BRH:0
end_of_record
TN:
SF:D:\altp\project\elite-bn-frontend\src\store\actions\result.js
FN:3,(anonymous_0)
FN:8,(anonymous_1)
FN:8,(anonymous_2)
FN:9,(anonymous_3)
FN:14,(anonymous_4)
FNF:5
FNH:0
FNDA:0,(anonymous_0)
FNDA:0,(anonymous_1)
FNDA:0,(anonymous_2)
FNDA:0,(anonymous_3)
FNDA:0,(anonymous_4)
DA:3,3
DA:8,3
DA:9,0
DA:10,0
DA:14,3
LF:5
LH:3
BRF:0
BRH:0
end_of_record
TN:
SF:D:\altp\project\elite-bn-frontend\src\store\reducers\counter.js
FN:7,reducer
FNF:1
FNH:0
FNDA:0,reducer
DA:1,0
DA:4,0
DA:5,0
DA:7,0
DA:8,0
DA:10,0
DA:12,0
DA:14,0
DA:16,0
DA:18,0
LF:10
LH:0
BRDA:7,0,0,0
BRDA:7,0,1,0
BRDA:7,1,0,0
BRDA:7,1,1,0
BRDA:7,2,0,0
BRDA:7,2,1,0
BRDA:9,3,0,0
BRDA:9,3,1,0
BRDA:9,3,2,0
BRDA:9,3,3,0
BRDA:9,3,4,0
BRF:11
BRH:0
end_of_record
TN:
SF:D:\altp\project\elite-bn-frontend\src\store\reducers\result.js
FN:5,reducer
FN:18,(anonymous_1)
FNF:2
FNH:0
FNDA:0,reducer
FNDA:0,(anonymous_1)
DA:1,0
DA:2,0
DA:3,0
DA:5,0
DA:6,0
DA:8,0
DA:15,0
DA:18,0
DA:23,0
LF:9
LH:0
BRDA:5,0,0,0
BRDA:5,0,1,0
BRDA:5,1,0,0
BRDA:5,1,1,0
BRDA:5,2,0,0
BRDA:5,2,1,0
BRDA:7,3,0,0
BRDA:7,3,1,0
BRDA:7,3,2,0
BRF:9
BRH:0
end_of_record
